<?xml version="1.0" encoding="UTF-8"?>
<!-- Generated by org.testng.reporters.JUnitReportReporter -->
<testsuite hostname="DESKTOP-Rasel" failures="0" tests="1" name="com.spacelabshealthcare.test.SpaceLabTestClass" time="10.041" errors="0" timestamp="2021-06-12T17:24:05 EDT" skipped="0">
  <testcase classname="com.spacelabshealthcare.test.SpaceLabTestClass" name="getallThelinksandAsserts" time="10.041"/>
  <system-out/>
</testsuite> <!-- com.spacelabshealthcare.test.SpaceLabTestClass -->
